<?xml version="1.0" encoding="UTF-8"?>
<!-- Generated by org.testng.reporters.JUnitReportReporter -->
<testsuite hostname="DESKTOP-J6EFUU9" failures="0" tests="10" name="OMS_Test.OMS_STORI_Test" time="57.707" errors="0" timestamp="2022-06-10T06:13:11 GMT-07:00" skipped="0">
  <testcase classname="OMS_Test.OMS_STORI_Test" name="loginfunction" time="0.494"/>
  <system-out/>
  <testcase classname="OMS_Test.OMS_STORI_Test" name="loginfunction" time="0.493"/>
  <system-out/>
  <testcase classname="OMS_Test.OMS_STORI_Test" name="loginfunction" time="0.527"/>
  <system-out/>
  <testcase classname="OMS_Test.OMS_STORI_Test" name="loginfunction" time="0.480"/>
  <system-out/>
  <testcase classname="OMS_Test.OMS_STORI_Test" name="loginfunction" time="0.475"/>
  <system-out/>
  <testcase classname="OMS_Test.OMS_STORI_Test" name="loginfunction" time="0.442"/>
  <system-out/>
  <testcase classname="OMS_Test.OMS_STORI_Test" name="loginfunction" time="0.469"/>
  <system-out/>
  <testcase classname="OMS_Test.OMS_STORI_Test" name="loginTest" time="0.209"/>
  <system-out/>
  <testcase classname="OMS_Test.OMS_STORI_Test" name="LogoutTest" time="1.056"/>
  <system-out/>
  <testcase classname="OMS_Test.OMS_STORI_Test" name="Createorder_Test" time="53.062"/>
  <system-out/>
</testsuite> <!-- OMS_Test.OMS_STORI_Test -->
